<?xml version="1.0" encoding="UTF-8"?>
<!-- Generated by org.testng.reporters.JUnitXMLReporter -->
<testsuite ignored="0" hostname="Amits-MBP.hitronhub.home" failures="0" tests="3" name="Default test" time="39.168" errors="0" timestamp="2021-11-26T01:22:14 GMT-04:00">
  <testcase classname="com.qa.tests.HomePageTest" name="homePageTitleTest" time="0.028"/>
  <testcase classname="com.qa.tests.HomePageTest" name="usernameDiplayTest" time="0.315"/>
  <testcase classname="com.qa.tests.HomePageTest" name="clickAgentTest" time="6.845"/>
</testsuite> <!-- Default test -->
